\BOOKMARK [1][]{section.1}{Introduction}{}% 1
\BOOKMARK [1][]{section.2}{Basic Constraints}{}% 2
\BOOKMARK [1][]{section.3}{Challenges for Brain Activity Mapping}{}% 3
\BOOKMARK [2][-]{subsection.3.1}{Spatiotemporal Resolution and Informational Throughput}{section.3}% 4
\BOOKMARK [2][-]{subsection.3.2}{Energy Dissipation}{section.3}% 5
\BOOKMARK [2][-]{subsection.3.3}{Sensitivity to Volume Displacement}{section.3}% 6
\BOOKMARK [1][]{section.4}{Evaluation of Modalities}{}% 7
\BOOKMARK [2][-]{subsection.4.1}{Electrical Recording}{section.4}% 8
\BOOKMARK [3][-]{subsubsection.4.1.1}{Spatiotemporal Resolution}{subsection.4.1}% 9
\BOOKMARK [3][-]{subsubsection.4.1.2}{Volume Displacement}{subsection.4.1}% 10
\BOOKMARK [3][-]{subsubsection.4.1.3}{Implanting Electrodes in the Brain}{subsection.4.1}% 11
\BOOKMARK [3][-]{subsubsection.4.1.4}{Conclusions and Future Directions}{subsection.4.1}% 12
\BOOKMARK [2][-]{subsection.4.2}{Optical Recording}{section.4}% 13
\BOOKMARK [3][-]{subsubsection.4.2.1}{Spatiotemporal Resolution}{subsection.4.2}% 14
\BOOKMARK [3][-]{subsubsection.4.2.2}{Energy Dissipation}{subsection.4.2}% 15
\BOOKMARK [3][-]{subsubsection.4.2.3}{Bioluminescence}{subsection.4.2}% 16
\BOOKMARK [3][-]{subsubsection.4.2.4}{Intrinsic signals}{subsection.4.2}% 17
\BOOKMARK [3][-]{subsubsection.4.2.5}{Conclusions and Future Directions}{subsection.4.2}% 18
\BOOKMARK [2][-]{subsection.4.3}{Embedded Active Electronics}{section.4}% 19
\BOOKMARK [3][-]{subsubsection.4.3.1}{Power Requirements for Recording}{subsection.4.3}% 20
\BOOKMARK [3][-]{subsubsection.4.3.2}{Powering Embedded Devices}{subsection.4.3}% 21
\BOOKMARK [3][-]{subsubsection.4.3.3}{Conclusions and Future Directions}{subsection.4.3}% 22
\BOOKMARK [2][-]{subsection.4.4}{Embedded Devices: Information Theory}{section.4}% 23
\BOOKMARK [3][-]{subsubsection.4.4.1}{Power Requirements for Single-Channel Data Transmission}{subsection.4.4}% 24
\BOOKMARK [3][-]{subsubsection.4.4.2}{Spatially Multiplexed Data Transmission}{subsection.4.4}% 25
\BOOKMARK [3][-]{subsubsection.4.4.3}{Ultrasound as a Data Transmission Modality}{subsection.4.4}% 26
\BOOKMARK [3][-]{subsubsection.4.4.4}{Conclusions and Future Directions}{subsection.4.4}% 27
\BOOKMARK [2][-]{subsection.4.5}{Magnetic Resonance Imaging}{section.4}% 28
\BOOKMARK [3][-]{subsubsection.4.5.1}{Spatiotemporal Resolution}{subsection.4.5}% 29
\BOOKMARK [3][-]{subsubsection.4.5.2}{Energy Dissipation}{subsection.4.5}% 30
\BOOKMARK [3][-]{subsubsection.4.5.3}{Imaging Agents}{subsection.4.5}% 31
\BOOKMARK [3][-]{subsubsection.4.5.4}{Conclusions and Future Directions}{subsection.4.5}% 32
\BOOKMARK [2][-]{subsection.4.6}{Molecular Recording}{section.4}% 33
\BOOKMARK [3][-]{subsubsection.4.6.1}{Spatiotemporal Resolution}{subsection.4.6}% 34
\BOOKMARK [3][-]{subsubsection.4.6.2}{Energy Dissipation}{subsection.4.6}% 35
\BOOKMARK [3][-]{subsubsection.4.6.3}{Volume Displacement}{subsection.4.6}% 36
\BOOKMARK [3][-]{subsubsection.4.6.4}{Conclusions and Future Directions}{subsection.4.6}% 37
\BOOKMARK [1][]{section.5}{Discussion}{}% 38
\BOOKMARK [1][]{section.6}{Acknowledgments}{}% 39
